TN:
SF:C:\Users\dhara\ERC20-projects\dharan-token\contracts\customERC20\Batman.sol
FN:34,constructor
FN:43,name
FN:47,symbol
FN:51,decimals
FN:55,onlyOwner
FN:60,TotalToken
FN:64,balanceOf
FN:68,transfer
FN:100,setWhiteList
FN:111,getwhitelistedaddress
FN:115,removeFromWhiteList
FN:131,allowance
FN:138,approve
FN:153,mint
FN:170,transferFrom
FN:210,increaseAllowance
FN:226,decreaseAllowance
FN:246,burn
FNF:18
FNH:18
FNDA:70,constructor
FNDA:1,name
FNDA:1,symbol
FNDA:1,decimals
FNDA:239,onlyOwner
FNDA:9,TotalToken
FNDA:25,balanceOf
FNDA:12,transfer
FNDA:186,setWhiteList
FNDA:11,getwhitelistedaddress
FNDA:4,removeFromWhiteList
FNDA:8,allowance
FNDA:22,approve
FNDA:19,mint
FNDA:11,transferFrom
FNDA:4,increaseAllowance
FNDA:4,decreaseAllowance
FNDA:25,burn
DA:35,70
DA:36,70
DA:37,70
DA:38,70
DA:39,70
DA:40,70
DA:44,1
DA:48,1
DA:52,1
DA:56,239
DA:57,234
DA:61,9
DA:65,25
DA:72,12
DA:73,12
DA:77,11
DA:78,10
DA:79,9
DA:80,9
DA:81,9
DA:82,9
DA:83,9
DA:84,9
DA:85,9
DA:86,9
DA:88,9
DA:89,45
DA:90,43
DA:91,43
DA:95,9
DA:96,9
DA:97,9
DA:101,186
DA:103,185
DA:104,179
DA:105,178
DA:107,184
DA:108,184
DA:112,11
DA:116,4
DA:117,3
DA:118,7
DA:119,3
DA:122,3
DA:123,3
DA:124,3
DA:126,3
DA:135,8
DA:142,22
DA:143,22
DA:147,21
DA:149,21
DA:150,21
DA:154,19
DA:155,18
DA:160,17
DA:161,17
DA:162,17
DA:163,17
DA:165,17
DA:166,17
DA:167,17
DA:175,11
DA:176,11
DA:177,10
DA:181,9
DA:185,8
DA:187,7
DA:188,7
DA:189,7
DA:190,7
DA:191,7
DA:192,7
DA:194,7
DA:195,7
DA:196,7
DA:198,7
DA:199,35
DA:200,34
DA:201,34
DA:204,7
DA:205,7
DA:207,7
DA:214,4
DA:219,3
DA:220,3
DA:222,3
DA:223,3
DA:230,4
DA:235,3
DA:236,3
DA:240,2
DA:242,2
DA:243,2
DA:247,25
DA:252,24
DA:254,24
DA:256,24
DA:258,24
LF:99
LH:99
BRDA:56,1,0,234
BRDA:56,1,1,5
BRDA:73,2,0,11
BRDA:73,2,1,1
BRDA:77,3,0,10
BRDA:77,3,1,1
BRDA:78,4,0,9
BRDA:78,4,1,1
BRDA:89,5,0,43
BRDA:89,5,1,2
BRDA:100,6,0,186
BRDA:100,6,1,1
BRDA:101,7,0,185
BRDA:101,7,1,1
BRDA:103,8,0,179
BRDA:103,8,1,6
BRDA:104,9,0,178
BRDA:104,9,1,1
BRDA:115,10,0,4
BRDA:115,10,1,1
BRDA:116,11,0,3
BRDA:116,11,1,1
BRDA:118,12,0,3
BRDA:118,12,1,4
BRDA:143,13,0,21
BRDA:143,13,1,1
BRDA:153,14,0,19
BRDA:153,14,1,1
BRDA:154,15,0,18
BRDA:154,15,1,1
BRDA:155,16,0,17
BRDA:155,16,1,1
BRDA:176,17,0,10
BRDA:176,17,1,1
BRDA:177,18,0,9
BRDA:177,18,1,1
BRDA:181,19,0,8
BRDA:181,19,1,1
BRDA:185,20,0,7
BRDA:185,20,1,1
BRDA:199,21,0,34
BRDA:199,21,1,1
BRDA:214,22,0,3
BRDA:214,22,1,1
BRDA:230,23,0,3
BRDA:230,23,1,1
BRDA:236,24,0,2
BRDA:236,24,1,1
BRDA:246,25,0,25
BRDA:246,25,1,2
BRDA:247,26,0,24
BRDA:247,26,1,1
BRF:52
BRH:52
end_of_record
TN:
SF:C:\Users\dhara\ERC20-projects\dharan-token\contracts\customERC20\custom.sol
FN:20,constructor
FN:26,total_Supply_remain
FN:30,Supply_total
FN:34,TokenName
FN:38,TokenSymbol
FN:42,onlyOwner
FN:47,setWhitelist
FN:62,getWhitelistedAddress
FN:66,setburntax
FN:72,burn
FN:83,pertaxvalue
FN:87,burntaxtotalvalue
FNF:12
FNH:0
FNDA:0,constructor
FNDA:0,total_Supply_remain
FNDA:0,Supply_total
FNDA:0,TokenName
FNDA:0,TokenSymbol
FNDA:0,onlyOwner
FNDA:0,setWhitelist
FNDA:0,getWhitelistedAddress
FNDA:0,setburntax
FNDA:0,burn
FNDA:0,pertaxvalue
FNDA:0,burntaxtotalvalue
DA:21,0
DA:27,0
DA:31,0
DA:35,0
DA:39,0
DA:43,0
DA:44,0
DA:48,0
DA:49,0
DA:51,0
DA:52,0
DA:56,0
DA:58,0
DA:59,0
DA:63,0
DA:67,0
DA:68,0
DA:69,0
DA:73,0
DA:75,0
DA:76,0
DA:77,0
DA:79,0
DA:80,0
DA:84,0
DA:88,0
LF:26
LH:0
BRDA:43,1,0,0
BRDA:43,1,1,0
BRDA:47,2,0,0
BRDA:47,2,1,0
BRDA:48,3,0,0
BRDA:48,3,1,0
BRDA:49,4,0,0
BRDA:49,4,1,0
BRDA:51,5,0,0
BRDA:51,5,1,0
BRDA:52,6,0,0
BRDA:52,6,1,0
BRDA:66,7,0,0
BRDA:66,7,1,0
BRDA:67,8,0,0
BRDA:67,8,1,0
BRDA:68,9,0,0
BRDA:68,9,1,0
BRDA:72,10,0,0
BRDA:72,10,1,0
BRDA:73,11,0,0
BRDA:73,11,1,0
BRF:22
BRH:0
end_of_record
TN:
SF:C:\Users\dhara\ERC20-projects\dharan-token\contracts\own\SpidyToken.sol
FN:26,constructor
FN:36,name
FN:40,symbol
FN:44,decimals
FN:48,totalSupply
FN:52,balanceOf
FN:56,transfer
FN:70,allowance
FN:74,approve
FN:84,transferfrom
FN:99,mint
FN:112,tokenLeft
FN:117,increaseAllowance
FN:127,decreaseAllowance
FN:138,onlyOwner
FN:143,burn
FNF:16
FNH:6
FNDA:4,constructor
FNDA:0,name
FNDA:0,symbol
FNDA:0,decimals
FNDA:1,totalSupply
FNDA:3,balanceOf
FNDA:3,transfer
FNDA:0,allowance
FNDA:0,approve
FNDA:0,transferfrom
FNDA:0,mint
FNDA:0,tokenLeft
FNDA:0,increaseAllowance
FNDA:0,decreaseAllowance
FNDA:2,onlyOwner
FNDA:1,burn
DA:27,4
DA:28,4
DA:29,4
DA:30,4
DA:31,4
DA:33,4
DA:37,0
DA:41,0
DA:45,0
DA:49,1
DA:53,3
DA:58,3
DA:59,3
DA:60,3
DA:61,3
DA:63,2
DA:64,2
DA:66,2
DA:67,2
DA:71,0
DA:76,0
DA:77,0
DA:78,0
DA:80,0
DA:81,0
DA:86,0
DA:87,0
DA:88,0
DA:89,0
DA:91,0
DA:92,0
DA:93,0
DA:95,0
DA:96,0
DA:100,0
DA:101,0
DA:103,0
DA:104,0
DA:105,0
DA:107,0
DA:108,0
DA:109,0
DA:113,0
DA:114,0
DA:118,0
DA:120,0
DA:121,0
DA:123,0
DA:124,0
DA:128,0
DA:130,0
DA:131,0
DA:132,0
DA:134,0
DA:135,0
DA:139,2
DA:140,1
DA:144,1
DA:145,1
DA:146,1
LF:60
LH:21
BRDA:59,1,0,3
BRDA:59,1,1,0
BRDA:60,2,0,3
BRDA:60,2,1,0
BRDA:61,3,0,2
BRDA:61,3,1,1
BRDA:77,4,0,0
BRDA:77,4,1,0
BRDA:87,5,0,0
BRDA:87,5,1,0
BRDA:88,6,0,0
BRDA:88,6,1,0
BRDA:89,7,0,0
BRDA:89,7,1,0
BRDA:100,8,0,0
BRDA:100,8,1,0
BRDA:101,9,0,0
BRDA:101,9,1,0
BRDA:118,10,0,0
BRDA:118,10,1,0
BRDA:128,11,0,0
BRDA:128,11,1,0
BRDA:131,12,0,0
BRDA:131,12,1,0
BRDA:139,13,0,1
BRDA:139,13,1,1
BRDA:143,14,0,1
BRDA:143,14,1,1
BRF:28
BRH:8
end_of_record
