{"contracts\\customERC20\\Batman.sol":{"l":{"35":70,"36":70,"37":70,"38":70,"39":70,"40":70,"44":1,"48":1,"52":1,"56":239,"57":234,"61":9,"65":25,"72":12,"73":12,"77":11,"78":10,"79":9,"80":9,"81":9,"82":9,"83":9,"84":9,"85":9,"86":9,"88":9,"89":45,"90":43,"91":43,"95":9,"96":9,"97":9,"101":186,"103":185,"104":179,"105":178,"107":184,"108":184,"112":11,"116":4,"117":3,"118":7,"119":3,"122":3,"123":3,"124":3,"126":3,"135":8,"142":22,"143":22,"147":21,"149":21,"150":21,"154":19,"155":18,"160":17,"161":17,"162":17,"163":17,"165":17,"166":17,"167":17,"175":11,"176":11,"177":10,"181":9,"185":8,"187":7,"188":7,"189":7,"190":7,"191":7,"192":7,"194":7,"195":7,"196":7,"198":7,"199":35,"200":34,"201":34,"204":7,"205":7,"207":7,"214":4,"219":3,"220":3,"222":3,"223":3,"230":4,"235":3,"236":3,"240":2,"242":2,"243":2,"247":25,"252":24,"254":24,"256":24,"258":24},"path":"C:\\Users\\dhara\\ERC20-projects\\dharan-token\\contracts\\customERC20\\Batman.sol","s":{"1":70,"2":70,"3":1,"4":1,"5":1,"6":239,"7":9,"8":25,"9":12,"10":12,"11":11,"12":10,"13":9,"14":9,"15":9,"16":9,"17":9,"18":9,"19":45,"20":43,"21":9,"22":9,"23":9,"24":186,"25":185,"26":179,"27":178,"28":184,"29":11,"30":4,"31":3,"32":7,"33":3,"34":3,"35":8,"36":22,"37":22,"38":21,"39":21,"40":19,"41":18,"42":17,"43":17,"44":17,"45":11,"46":11,"47":10,"48":9,"49":8,"50":7,"51":7,"52":7,"53":7,"54":7,"55":7,"56":35,"57":34,"58":7,"59":7,"60":7,"61":4,"62":3,"63":3,"64":3,"65":4,"66":3,"67":3,"68":2,"69":2,"70":25,"71":24,"72":24},"b":{"1":[234,5],"2":[11,1],"3":[10,1],"4":[9,1],"5":[43,2],"6":[186,1],"7":[185,1],"8":[179,6],"9":[178,1],"10":[4,1],"11":[3,1],"12":[3,4],"13":[21,1],"14":[19,1],"15":[18,1],"16":[17,1],"17":[10,1],"18":[9,1],"19":[8,1],"20":[7,1],"21":[34,1],"22":[3,1],"23":[3,1],"24":[2,1],"25":[25,2],"26":[24,1]},"f":{"1":70,"2":1,"3":1,"4":1,"5":239,"6":9,"7":25,"8":12,"9":186,"10":11,"11":4,"12":8,"13":22,"14":19,"15":11,"16":4,"17":4,"18":25},"fnMap":{"1":{"name":"constructor","line":34,"loc":{"start":{"line":34,"column":4},"end":{"line":41,"column":4}}},"2":{"name":"name","line":43,"loc":{"start":{"line":43,"column":4},"end":{"line":45,"column":4}}},"3":{"name":"symbol","line":47,"loc":{"start":{"line":47,"column":4},"end":{"line":49,"column":4}}},"4":{"name":"decimals","line":51,"loc":{"start":{"line":51,"column":4},"end":{"line":53,"column":4}}},"5":{"name":"onlyOwner","line":55,"loc":{"start":{"line":55,"column":4},"end":{"line":58,"column":4}}},"6":{"name":"TotalToken","line":60,"loc":{"start":{"line":60,"column":4},"end":{"line":62,"column":4}}},"7":{"name":"balanceOf","line":64,"loc":{"start":{"line":64,"column":4},"end":{"line":66,"column":4}}},"8":{"name":"transfer","line":68,"loc":{"start":{"line":68,"column":4},"end":{"line":98,"column":4}}},"9":{"name":"setWhiteList","line":100,"loc":{"start":{"line":100,"column":4},"end":{"line":109,"column":4}}},"10":{"name":"getwhitelistedaddress","line":111,"loc":{"start":{"line":111,"column":4},"end":{"line":113,"column":4}}},"11":{"name":"removeFromWhiteList","line":115,"loc":{"start":{"line":115,"column":4},"end":{"line":129,"column":4}}},"12":{"name":"allowance","line":131,"loc":{"start":{"line":131,"column":4},"end":{"line":136,"column":4}}},"13":{"name":"approve","line":138,"loc":{"start":{"line":138,"column":4},"end":{"line":151,"column":4}}},"14":{"name":"mint","line":153,"loc":{"start":{"line":153,"column":4},"end":{"line":168,"column":4}}},"15":{"name":"transferFrom","line":170,"loc":{"start":{"line":170,"column":4},"end":{"line":208,"column":4}}},"16":{"name":"increaseAllowance","line":210,"loc":{"start":{"line":210,"column":4},"end":{"line":224,"column":4}}},"17":{"name":"decreaseAllowance","line":226,"loc":{"start":{"line":226,"column":4},"end":{"line":244,"column":4}}},"18":{"name":"burn","line":246,"loc":{"start":{"line":246,"column":4},"end":{"line":259,"column":4}}}},"statementMap":{"1":{"start":{"line":36,"column":8},"end":{"line":36,"column":46}},"2":{"start":{"line":37,"column":8},"end":{"line":37,"column":51}},"3":{"start":{"line":44,"column":8},"end":{"line":44,"column":20}},"4":{"start":{"line":48,"column":8},"end":{"line":48,"column":22}},"5":{"start":{"line":52,"column":8},"end":{"line":52,"column":24}},"6":{"start":{"line":56,"column":8},"end":{"line":56,"column":78}},"7":{"start":{"line":61,"column":8},"end":{"line":61,"column":26}},"8":{"start":{"line":65,"column":8},"end":{"line":65,"column":32}},"9":{"start":{"line":72,"column":8},"end":{"line":72,"column":62}},"10":{"start":{"line":73,"column":8},"end":{"line":73,"column":2306}},"11":{"start":{"line":77,"column":8},"end":{"line":77,"column":67}},"12":{"start":{"line":78,"column":8},"end":{"line":78,"column":72}},"13":{"start":{"line":80,"column":8},"end":{"line":80,"column":61}},"14":{"start":{"line":81,"column":8},"end":{"line":81,"column":63}},"15":{"start":{"line":82,"column":8},"end":{"line":82,"column":58}},"16":{"start":{"line":83,"column":8},"end":{"line":83,"column":72}},"17":{"start":{"line":84,"column":8},"end":{"line":84,"column":70}},"18":{"start":{"line":88,"column":8},"end":{"line":88,"column":3079}},"19":{"start":{"line":89,"column":12},"end":{"line":89,"column":3130}},"20":{"start":{"line":91,"column":16},"end":{"line":91,"column":79}},"21":{"start":{"line":95,"column":8},"end":{"line":95,"column":53}},"22":{"start":{"line":96,"column":8},"end":{"line":96,"column":60}},"23":{"start":{"line":97,"column":8},"end":{"line":97,"column":19}},"24":{"start":{"line":101,"column":8},"end":{"line":101,"column":53}},"25":{"start":{"line":103,"column":8},"end":{"line":103,"column":3636}},"26":{"start":{"line":104,"column":12},"end":{"line":104,"column":65}},"27":{"start":{"line":105,"column":12},"end":{"line":105,"column":38}},"28":{"start":{"line":108,"column":8},"end":{"line":108,"column":42}},"29":{"start":{"line":112,"column":8},"end":{"line":112,"column":31}},"30":{"start":{"line":116,"column":8},"end":{"line":116,"column":59}},"31":{"start":{"line":117,"column":8},"end":{"line":117,"column":4158}},"32":{"start":{"line":118,"column":12},"end":{"line":118,"column":4227}},"33":{"start":{"line":122,"column":16},"end":{"line":122,"column":37}},"34":{"start":{"line":124,"column":16},"end":{"line":124,"column":49}},"35":{"start":{"line":135,"column":8},"end":{"line":135,"column":43}},"36":{"start":{"line":142,"column":8},"end":{"line":142,"column":68}},"37":{"start":{"line":143,"column":8},"end":{"line":143,"column":4947}},"38":{"start":{"line":149,"column":8},"end":{"line":149,"column":68}},"39":{"start":{"line":150,"column":8},"end":{"line":150,"column":19}},"40":{"start":{"line":154,"column":8},"end":{"line":154,"column":78}},"41":{"start":{"line":155,"column":8},"end":{"line":155,"column":5386}},"42":{"start":{"line":165,"column":8},"end":{"line":165,"column":42}},"43":{"start":{"line":166,"column":8},"end":{"line":166,"column":58}},"44":{"start":{"line":167,"column":8},"end":{"line":167,"column":19}},"45":{"start":{"line":175,"column":8},"end":{"line":175,"column":69}},"46":{"start":{"line":176,"column":8},"end":{"line":176,"column":68}},"47":{"start":{"line":177,"column":8},"end":{"line":177,"column":6113}},"48":{"start":{"line":181,"column":8},"end":{"line":181,"column":6237}},"49":{"start":{"line":185,"column":8},"end":{"line":185,"column":72}},"50":{"start":{"line":189,"column":8},"end":{"line":189,"column":62}},"51":{"start":{"line":190,"column":8},"end":{"line":190,"column":70}},"52":{"start":{"line":191,"column":8},"end":{"line":191,"column":58}},"53":{"start":{"line":192,"column":8},"end":{"line":192,"column":63}},"54":{"start":{"line":194,"column":8},"end":{"line":194,"column":74}},"55":{"start":{"line":198,"column":8},"end":{"line":198,"column":6994}},"56":{"start":{"line":199,"column":12},"end":{"line":199,"column":7045}},"57":{"start":{"line":201,"column":16},"end":{"line":201,"column":74}},"58":{"start":{"line":204,"column":8},"end":{"line":204,"column":49}},"59":{"start":{"line":205,"column":8},"end":{"line":205,"column":49}},"60":{"start":{"line":207,"column":8},"end":{"line":207,"column":19}},"61":{"start":{"line":214,"column":8},"end":{"line":214,"column":7520}},"62":{"start":{"line":219,"column":8},"end":{"line":219,"column":68}},"63":{"start":{"line":222,"column":8},"end":{"line":222,"column":75}},"64":{"start":{"line":223,"column":8},"end":{"line":223,"column":19}},"65":{"start":{"line":230,"column":8},"end":{"line":230,"column":8024}},"66":{"start":{"line":235,"column":8},"end":{"line":235,"column":68}},"67":{"start":{"line":236,"column":8},"end":{"line":236,"column":8226}},"68":{"start":{"line":242,"column":8},"end":{"line":242,"column":75}},"69":{"start":{"line":243,"column":8},"end":{"line":243,"column":19}},"70":{"start":{"line":247,"column":8},"end":{"line":247,"column":8624}},"71":{"start":{"line":256,"column":8},"end":{"line":256,"column":58}},"72":{"start":{"line":258,"column":8},"end":{"line":258,"column":19}}},"branchMap":{"1":{"line":56,"type":"if","locations":[{"start":{"line":56,"column":8},"end":{"line":56,"column":8}},{"start":{"line":56,"column":8},"end":{"line":56,"column":8}}]},"2":{"line":73,"type":"if","locations":[{"start":{"line":73,"column":8},"end":{"line":73,"column":8}},{"start":{"line":73,"column":8},"end":{"line":73,"column":8}}]},"3":{"line":77,"type":"if","locations":[{"start":{"line":77,"column":8},"end":{"line":77,"column":8}},{"start":{"line":77,"column":8},"end":{"line":77,"column":8}}]},"4":{"line":78,"type":"if","locations":[{"start":{"line":78,"column":8},"end":{"line":78,"column":8}},{"start":{"line":78,"column":8},"end":{"line":78,"column":8}}]},"5":{"line":89,"type":"if","locations":[{"start":{"line":89,"column":12},"end":{"line":89,"column":12}},{"start":{"line":89,"column":12},"end":{"line":89,"column":12}}]},"6":{"line":100,"type":"if","locations":[{"start":{"line":100,"column":60},"end":{"line":100,"column":60}},{"start":{"line":100,"column":60},"end":{"line":100,"column":60}}]},"7":{"line":101,"type":"if","locations":[{"start":{"line":101,"column":8},"end":{"line":101,"column":8}},{"start":{"line":101,"column":8},"end":{"line":101,"column":8}}]},"8":{"line":103,"type":"if","locations":[{"start":{"line":103,"column":8},"end":{"line":103,"column":8}},{"start":{"line":103,"column":8},"end":{"line":103,"column":8}}]},"9":{"line":104,"type":"if","locations":[{"start":{"line":104,"column":12},"end":{"line":104,"column":12}},{"start":{"line":104,"column":12},"end":{"line":104,"column":12}}]},"10":{"line":115,"type":"if","locations":[{"start":{"line":115,"column":54},"end":{"line":115,"column":54}},{"start":{"line":115,"column":54},"end":{"line":115,"column":54}}]},"11":{"line":116,"type":"if","locations":[{"start":{"line":116,"column":8},"end":{"line":116,"column":8}},{"start":{"line":116,"column":8},"end":{"line":116,"column":8}}]},"12":{"line":118,"type":"if","locations":[{"start":{"line":118,"column":12},"end":{"line":118,"column":12}},{"start":{"line":118,"column":12},"end":{"line":118,"column":12}}]},"13":{"line":143,"type":"if","locations":[{"start":{"line":143,"column":8},"end":{"line":143,"column":8}},{"start":{"line":143,"column":8},"end":{"line":143,"column":8}}]},"14":{"line":153,"type":"if","locations":[{"start":{"line":153,"column":27},"end":{"line":153,"column":27}},{"start":{"line":153,"column":27},"end":{"line":153,"column":27}}]},"15":{"line":154,"type":"if","locations":[{"start":{"line":154,"column":8},"end":{"line":154,"column":8}},{"start":{"line":154,"column":8},"end":{"line":154,"column":8}}]},"16":{"line":155,"type":"if","locations":[{"start":{"line":155,"column":8},"end":{"line":155,"column":8}},{"start":{"line":155,"column":8},"end":{"line":155,"column":8}}]},"17":{"line":176,"type":"if","locations":[{"start":{"line":176,"column":8},"end":{"line":176,"column":8}},{"start":{"line":176,"column":8},"end":{"line":176,"column":8}}]},"18":{"line":177,"type":"if","locations":[{"start":{"line":177,"column":8},"end":{"line":177,"column":8}},{"start":{"line":177,"column":8},"end":{"line":177,"column":8}}]},"19":{"line":181,"type":"if","locations":[{"start":{"line":181,"column":8},"end":{"line":181,"column":8}},{"start":{"line":181,"column":8},"end":{"line":181,"column":8}}]},"20":{"line":185,"type":"if","locations":[{"start":{"line":185,"column":8},"end":{"line":185,"column":8}},{"start":{"line":185,"column":8},"end":{"line":185,"column":8}}]},"21":{"line":199,"type":"if","locations":[{"start":{"line":199,"column":12},"end":{"line":199,"column":12}},{"start":{"line":199,"column":12},"end":{"line":199,"column":12}}]},"22":{"line":214,"type":"if","locations":[{"start":{"line":214,"column":8},"end":{"line":214,"column":8}},{"start":{"line":214,"column":8},"end":{"line":214,"column":8}}]},"23":{"line":230,"type":"if","locations":[{"start":{"line":230,"column":8},"end":{"line":230,"column":8}},{"start":{"line":230,"column":8},"end":{"line":230,"column":8}}]},"24":{"line":236,"type":"if","locations":[{"start":{"line":236,"column":8},"end":{"line":236,"column":8}},{"start":{"line":236,"column":8},"end":{"line":236,"column":8}}]},"25":{"line":246,"type":"if","locations":[{"start":{"line":246,"column":27},"end":{"line":246,"column":27}},{"start":{"line":246,"column":27},"end":{"line":246,"column":27}}]},"26":{"line":247,"type":"if","locations":[{"start":{"line":247,"column":8},"end":{"line":247,"column":8}},{"start":{"line":247,"column":8},"end":{"line":247,"column":8}}]}}},"contracts\\customERC20\\custom.sol":{"l":{"21":0,"27":0,"31":0,"35":0,"39":0,"43":0,"44":0,"48":0,"49":0,"51":0,"52":0,"56":0,"58":0,"59":0,"63":0,"67":0,"68":0,"69":0,"73":0,"75":0,"76":0,"77":0,"79":0,"80":0,"84":0,"88":0},"path":"C:\\Users\\dhara\\ERC20-projects\\dharan-token\\contracts\\customERC20\\custom.sol","s":{"1":0,"2":0,"3":0,"4":0,"5":0,"6":0,"7":0,"8":0,"9":0,"10":0,"11":0,"12":0,"13":0,"14":0,"15":0,"16":0,"17":0,"18":0,"19":0},"b":{"1":[0,0],"2":[0,0],"3":[0,0],"4":[0,0],"5":[0,0],"6":[0,0],"7":[0,0],"8":[0,0],"9":[0,0],"10":[0,0],"11":[0,0]},"f":{"1":0,"2":0,"3":0,"4":0,"5":0,"6":0,"7":0,"8":0,"9":0,"10":0,"11":0,"12":0},"fnMap":{"1":{"name":"constructor","line":20,"loc":{"start":{"line":20,"column":4},"end":{"line":22,"column":4}}},"2":{"name":"total_Supply_remain","line":26,"loc":{"start":{"line":26,"column":4},"end":{"line":28,"column":4}}},"3":{"name":"Supply_total","line":30,"loc":{"start":{"line":30,"column":4},"end":{"line":32,"column":4}}},"4":{"name":"TokenName","line":34,"loc":{"start":{"line":34,"column":4},"end":{"line":36,"column":4}}},"5":{"name":"TokenSymbol","line":38,"loc":{"start":{"line":38,"column":4},"end":{"line":40,"column":4}}},"6":{"name":"onlyOwner","line":42,"loc":{"start":{"line":42,"column":4},"end":{"line":45,"column":4}}},"7":{"name":"setWhitelist","line":47,"loc":{"start":{"line":47,"column":4},"end":{"line":60,"column":4}}},"8":{"name":"getWhitelistedAddress","line":62,"loc":{"start":{"line":62,"column":4},"end":{"line":64,"column":4}}},"9":{"name":"setburntax","line":66,"loc":{"start":{"line":66,"column":4},"end":{"line":70,"column":4}}},"10":{"name":"burn","line":72,"loc":{"start":{"line":72,"column":4},"end":{"line":81,"column":4}}},"11":{"name":"pertaxvalue","line":83,"loc":{"start":{"line":83,"column":4},"end":{"line":85,"column":4}}},"12":{"name":"burntaxtotalvalue","line":87,"loc":{"start":{"line":87,"column":4},"end":{"line":89,"column":4}}}},"statementMap":{"1":{"start":{"line":27,"column":8},"end":{"line":27,"column":26}},"2":{"start":{"line":31,"column":8},"end":{"line":31,"column":28}},"3":{"start":{"line":35,"column":8},"end":{"line":35,"column":24}},"4":{"start":{"line":39,"column":8},"end":{"line":39,"column":26}},"5":{"start":{"line":43,"column":8},"end":{"line":43,"column":58}},"6":{"start":{"line":48,"column":8},"end":{"line":48,"column":53}},"7":{"start":{"line":49,"column":8},"end":{"line":49,"column":70}},"8":{"start":{"line":51,"column":8},"end":{"line":51,"column":1475}},"9":{"start":{"line":52,"column":12},"end":{"line":52,"column":1538}},"10":{"start":{"line":56,"column":12},"end":{"line":56,"column":40}},"11":{"start":{"line":59,"column":8},"end":{"line":59,"column":43}},"12":{"start":{"line":63,"column":8},"end":{"line":63,"column":33}},"13":{"start":{"line":67,"column":8},"end":{"line":67,"column":65}},"14":{"start":{"line":68,"column":8},"end":{"line":68,"column":74}},"15":{"start":{"line":73,"column":8},"end":{"line":73,"column":65}},"16":{"start":{"line":75,"column":8},"end":{"line":75,"column":59}},"17":{"start":{"line":79,"column":8},"end":{"line":79,"column":37}},"18":{"start":{"line":84,"column":8},"end":{"line":84,"column":22}},"19":{"start":{"line":88,"column":8},"end":{"line":88,"column":28}}},"branchMap":{"1":{"line":43,"type":"if","locations":[{"start":{"line":43,"column":8},"end":{"line":43,"column":8}},{"start":{"line":43,"column":8},"end":{"line":43,"column":8}}]},"2":{"line":47,"type":"if","locations":[{"start":{"line":47,"column":60},"end":{"line":47,"column":60}},{"start":{"line":47,"column":60},"end":{"line":47,"column":60}}]},"3":{"line":48,"type":"if","locations":[{"start":{"line":48,"column":8},"end":{"line":48,"column":8}},{"start":{"line":48,"column":8},"end":{"line":48,"column":8}}]},"4":{"line":49,"type":"if","locations":[{"start":{"line":49,"column":8},"end":{"line":49,"column":8}},{"start":{"line":49,"column":8},"end":{"line":49,"column":8}}]},"5":{"line":51,"type":"if","locations":[{"start":{"line":51,"column":8},"end":{"line":51,"column":8}},{"start":{"line":51,"column":8},"end":{"line":51,"column":8}}]},"6":{"line":52,"type":"if","locations":[{"start":{"line":52,"column":12},"end":{"line":52,"column":12}},{"start":{"line":52,"column":12},"end":{"line":52,"column":12}}]},"7":{"line":66,"type":"if","locations":[{"start":{"line":66,"column":49},"end":{"line":66,"column":49}},{"start":{"line":66,"column":49},"end":{"line":66,"column":49}}]},"8":{"line":67,"type":"if","locations":[{"start":{"line":67,"column":8},"end":{"line":67,"column":8}},{"start":{"line":67,"column":8},"end":{"line":67,"column":8}}]},"9":{"line":68,"type":"if","locations":[{"start":{"line":68,"column":8},"end":{"line":68,"column":8}},{"start":{"line":68,"column":8},"end":{"line":68,"column":8}}]},"10":{"line":72,"type":"if","locations":[{"start":{"line":72,"column":27},"end":{"line":72,"column":27}},{"start":{"line":72,"column":27},"end":{"line":72,"column":27}}]},"11":{"line":73,"type":"if","locations":[{"start":{"line":73,"column":8},"end":{"line":73,"column":8}},{"start":{"line":73,"column":8},"end":{"line":73,"column":8}}]}}},"contracts\\own\\SpidyToken.sol":{"l":{"27":4,"28":4,"29":4,"30":4,"31":4,"33":4,"37":0,"41":0,"45":0,"49":1,"53":3,"58":3,"59":3,"60":3,"61":3,"63":2,"64":2,"66":2,"67":2,"71":0,"76":0,"77":0,"78":0,"80":0,"81":0,"86":0,"87":0,"88":0,"89":0,"91":0,"92":0,"93":0,"95":0,"96":0,"100":0,"101":0,"103":0,"104":0,"105":0,"107":0,"108":0,"109":0,"113":0,"114":0,"118":0,"120":0,"121":0,"123":0,"124":0,"128":0,"130":0,"131":0,"132":0,"134":0,"135":0,"139":2,"140":1,"144":1,"145":1,"146":1},"path":"C:\\Users\\dhara\\ERC20-projects\\dharan-token\\contracts\\own\\SpidyToken.sol","s":{"1":4,"2":0,"3":0,"4":0,"5":1,"6":3,"7":3,"8":3,"9":3,"10":3,"11":2,"12":2,"13":0,"14":0,"15":0,"16":0,"17":0,"18":0,"19":0,"20":0,"21":0,"22":0,"23":0,"24":0,"25":0,"26":0,"27":0,"28":0,"29":0,"30":0,"31":0,"32":0,"33":0,"34":0,"35":0,"36":0,"37":0,"38":0,"39":0,"40":2,"41":1,"42":1},"b":{"1":[3,0],"2":[3,0],"3":[2,1],"4":[0,0],"5":[0,0],"6":[0,0],"7":[0,0],"8":[0,0],"9":[0,0],"10":[0,0],"11":[0,0],"12":[0,0],"13":[1,1],"14":[1,1]},"f":{"1":4,"2":0,"3":0,"4":0,"5":1,"6":3,"7":3,"8":0,"9":0,"10":0,"11":0,"12":0,"13":0,"14":0,"15":2,"16":1},"fnMap":{"1":{"name":"constructor","line":26,"loc":{"start":{"line":26,"column":4},"end":{"line":34,"column":4}}},"2":{"name":"name","line":36,"loc":{"start":{"line":36,"column":4},"end":{"line":38,"column":4}}},"3":{"name":"symbol","line":40,"loc":{"start":{"line":40,"column":4},"end":{"line":42,"column":4}}},"4":{"name":"decimals","line":44,"loc":{"start":{"line":44,"column":4},"end":{"line":46,"column":4}}},"5":{"name":"totalSupply","line":48,"loc":{"start":{"line":48,"column":4},"end":{"line":50,"column":4}}},"6":{"name":"balanceOf","line":52,"loc":{"start":{"line":52,"column":4},"end":{"line":54,"column":4}}},"7":{"name":"transfer","line":56,"loc":{"start":{"line":56,"column":4},"end":{"line":68,"column":4}}},"8":{"name":"allowance","line":70,"loc":{"start":{"line":70,"column":4},"end":{"line":72,"column":4}}},"9":{"name":"approve","line":74,"loc":{"start":{"line":74,"column":4},"end":{"line":82,"column":4}}},"10":{"name":"transferfrom","line":84,"loc":{"start":{"line":84,"column":4},"end":{"line":97,"column":4}}},"11":{"name":"mint","line":99,"loc":{"start":{"line":99,"column":4},"end":{"line":110,"column":4}}},"12":{"name":"tokenLeft","line":112,"loc":{"start":{"line":112,"column":4},"end":{"line":115,"column":4}}},"13":{"name":"increaseAllowance","line":117,"loc":{"start":{"line":117,"column":4},"end":{"line":125,"column":4}}},"14":{"name":"decreaseAllowance","line":127,"loc":{"start":{"line":127,"column":4},"end":{"line":136,"column":4}}},"15":{"name":"onlyOwner","line":138,"loc":{"start":{"line":138,"column":4},"end":{"line":141,"column":4}}},"16":{"name":"burn","line":143,"loc":{"start":{"line":143,"column":4},"end":{"line":147,"column":4}}}},"statementMap":{"1":{"start":{"line":33,"column":8},"end":{"line":33,"column":56}},"2":{"start":{"line":37,"column":8},"end":{"line":37,"column":20}},"3":{"start":{"line":41,"column":8},"end":{"line":41,"column":22}},"4":{"start":{"line":45,"column":8},"end":{"line":45,"column":24}},"5":{"start":{"line":49,"column":8},"end":{"line":49,"column":27}},"6":{"start":{"line":53,"column":8},"end":{"line":53,"column":34}},"7":{"start":{"line":58,"column":8},"end":{"line":58,"column":70}},"8":{"start":{"line":59,"column":8},"end":{"line":59,"column":74}},"9":{"start":{"line":60,"column":8},"end":{"line":60,"column":74}},"10":{"start":{"line":61,"column":8},"end":{"line":61,"column":89}},"11":{"start":{"line":66,"column":8},"end":{"line":66,"column":62}},"12":{"start":{"line":67,"column":8},"end":{"line":67,"column":19}},"13":{"start":{"line":71,"column":8},"end":{"line":71,"column":45}},"14":{"start":{"line":76,"column":8},"end":{"line":76,"column":68}},"15":{"start":{"line":77,"column":8},"end":{"line":77,"column":82}},"16":{"start":{"line":80,"column":8},"end":{"line":80,"column":66}},"17":{"start":{"line":81,"column":8},"end":{"line":81,"column":19}},"18":{"start":{"line":86,"column":8},"end":{"line":86,"column":69}},"19":{"start":{"line":87,"column":8},"end":{"line":87,"column":75}},"20":{"start":{"line":88,"column":8},"end":{"line":88,"column":84}},"21":{"start":{"line":89,"column":8},"end":{"line":89,"column":94}},"22":{"start":{"line":95,"column":8},"end":{"line":95,"column":57}},"23":{"start":{"line":96,"column":8},"end":{"line":96,"column":19}},"24":{"start":{"line":100,"column":8},"end":{"line":100,"column":81}},"25":{"start":{"line":101,"column":8},"end":{"line":101,"column":93}},"26":{"start":{"line":107,"column":8},"end":{"line":107,"column":41}},"27":{"start":{"line":108,"column":8},"end":{"line":108,"column":56}},"28":{"start":{"line":109,"column":8},"end":{"line":109,"column":19}},"29":{"start":{"line":113,"column":8},"end":{"line":113,"column":65}},"30":{"start":{"line":114,"column":8},"end":{"line":114,"column":33}},"31":{"start":{"line":118,"column":8},"end":{"line":118,"column":88}},"32":{"start":{"line":120,"column":8},"end":{"line":120,"column":68}},"33":{"start":{"line":123,"column":8},"end":{"line":123,"column":75}},"34":{"start":{"line":124,"column":8},"end":{"line":124,"column":19}},"35":{"start":{"line":128,"column":8},"end":{"line":128,"column":87}},"36":{"start":{"line":130,"column":8},"end":{"line":130,"column":68}},"37":{"start":{"line":131,"column":8},"end":{"line":131,"column":120}},"38":{"start":{"line":134,"column":8},"end":{"line":134,"column":75}},"39":{"start":{"line":135,"column":8},"end":{"line":135,"column":19}},"40":{"start":{"line":139,"column":8},"end":{"line":139,"column":59}},"41":{"start":{"line":145,"column":8},"end":{"line":145,"column":53}},"42":{"start":{"line":146,"column":8},"end":{"line":146,"column":19}}},"branchMap":{"1":{"line":59,"type":"if","locations":[{"start":{"line":59,"column":8},"end":{"line":59,"column":8}},{"start":{"line":59,"column":8},"end":{"line":59,"column":8}}]},"2":{"line":60,"type":"if","locations":[{"start":{"line":60,"column":8},"end":{"line":60,"column":8}},{"start":{"line":60,"column":8},"end":{"line":60,"column":8}}]},"3":{"line":61,"type":"if","locations":[{"start":{"line":61,"column":8},"end":{"line":61,"column":8}},{"start":{"line":61,"column":8},"end":{"line":61,"column":8}}]},"4":{"line":77,"type":"if","locations":[{"start":{"line":77,"column":8},"end":{"line":77,"column":8}},{"start":{"line":77,"column":8},"end":{"line":77,"column":8}}]},"5":{"line":87,"type":"if","locations":[{"start":{"line":87,"column":8},"end":{"line":87,"column":8}},{"start":{"line":87,"column":8},"end":{"line":87,"column":8}}]},"6":{"line":88,"type":"if","locations":[{"start":{"line":88,"column":8},"end":{"line":88,"column":8}},{"start":{"line":88,"column":8},"end":{"line":88,"column":8}}]},"7":{"line":89,"type":"if","locations":[{"start":{"line":89,"column":8},"end":{"line":89,"column":8}},{"start":{"line":89,"column":8},"end":{"line":89,"column":8}}]},"8":{"line":100,"type":"if","locations":[{"start":{"line":100,"column":8},"end":{"line":100,"column":8}},{"start":{"line":100,"column":8},"end":{"line":100,"column":8}}]},"9":{"line":101,"type":"if","locations":[{"start":{"line":101,"column":8},"end":{"line":101,"column":8}},{"start":{"line":101,"column":8},"end":{"line":101,"column":8}}]},"10":{"line":118,"type":"if","locations":[{"start":{"line":118,"column":8},"end":{"line":118,"column":8}},{"start":{"line":118,"column":8},"end":{"line":118,"column":8}}]},"11":{"line":128,"type":"if","locations":[{"start":{"line":128,"column":8},"end":{"line":128,"column":8}},{"start":{"line":128,"column":8},"end":{"line":128,"column":8}}]},"12":{"line":131,"type":"if","locations":[{"start":{"line":131,"column":8},"end":{"line":131,"column":8}},{"start":{"line":131,"column":8},"end":{"line":131,"column":8}}]},"13":{"line":139,"type":"if","locations":[{"start":{"line":139,"column":8},"end":{"line":139,"column":8}},{"start":{"line":139,"column":8},"end":{"line":139,"column":8}}]},"14":{"line":143,"type":"if","locations":[{"start":{"line":143,"column":26},"end":{"line":143,"column":26}},{"start":{"line":143,"column":26},"end":{"line":143,"column":26}}]}}}}